 1: 11000000011111111000010011111111 x= -3.992492 f=7.149646
 2: 10111111000111100101010100111000 x= -0.618488 f=10.384945
 3: 11000000001101011100010101101100 x= -2.840175 f=19.649944
 4: 00111111010110100011100110110000 x= 0.852443 f=6.389640
 5: 10111110111110101101100111110000 x= -0.489944 f=9.562303
 6: 10111111100011110111010100100000 x= -1.120762 f=13.843572
 7: 10111111111100101111100111100110 x= -1.898251 f=18.563000
 8: 00111111101100000001100101100000 x= 1.375774 f=9.779172
 9: 00111111011011111110000111100000 x= 0.937040 f=6.708735
10: 00111110111101011001000111100000 x= 0.479629 f=5.881952
11: 11000000001111010010010001111010 x= -2.955351 f=19.211372
12: 00111111100100111010101100101000 x= 1.153661 f=7.913602
13: 00111110100001101010100100010000 x= 0.263009 f=6.173679
14: 10111111011010110011010111011000 x= -0.918790 f=12.432068
15: 11000000000010110100010000010111 x= -2.176031 f=19.605709
16: 11000000011110100011111011110100 x= -3.910092 f=8.726128
17: 11000000010111001110011010111010 x= -3.451582 f=15.426439
18: 10111111111010000001100111010000 x= -1.813288 f=18.155075
19: 11000000010001110110111010001111 x= -3.116123 f=18.336910
20: 11000000010000000100101110000000 x= -3.004608 f=18.976831

Probabilitati selectie
cromozom   1 probabilitate 0.028274
cromozom   2 probabilitate 0.041068
cromozom   3 probabilitate 0.077707
cromozom   4 probabilitate 0.025268
cromozom   5 probabilitate 0.037815
cromozom   6 probabilitate 0.054746
cromozom   7 probabilitate 0.073409
cromozom   8 probabilitate 0.038673
cromozom   9 probabilitate 0.026530
cromozom  10 probabilitate 0.023261
cromozom  11 probabilitate 0.075973
cromozom  12 probabilitate 0.031295
cromozom  13 probabilitate 0.024414
cromozom  14 probabilitate 0.049164
cromozom  15 probabilitate 0.077533
cromozom  16 probabilitate 0.034508
cromozom  17 probabilitate 0.061005
cromozom  18 probabilitate 0.071796
cromozom  19 probabilitate 0.072515
cromozom  20 probabilitate 0.075046

Intervale proabilitati selectie
0.000000 0.028274 0.069342 0.147050 0.172318 0.210133 0.264879 0.338288 0.376960 0.403491 0.426751 0.502724 0.534019 0.558434 0.607598 0.685130 0.719638 0.780644 0.852439 0.924954 1.000000 
u= 0.988525 selectam cromosomul 20
u= 0.445692 selectam cromosomul 11
u= 0.119083 selectam cromosomul 3
u= 0.004669 selectam cromosomul 2
u= 0.008911 selectam cromosomul 2
u= 0.377880 selectam cromosomul 9
u= 0.531663 selectam cromosomul 12
u= 0.571184 selectam cromosomul 14
u= 0.601764 selectam cromosomul 14
u= 0.607166 selectam cromosomul 14
u= 0.166234 selectam cromosomul 4
u= 0.663045 selectam cromosomul 15
u= 0.450789 selectam cromosomul 11
u= 0.352123 selectam cromosomul 8
u= 0.057039 selectam cromosomul 2
u= 0.607685 selectam cromosomul 15
u= 0.783319 selectam cromosomul 18
u= 0.802606 selectam cromosomul 18
u= 0.519883 selectam cromosomul 12
u= 0.301950 selectam cromosomul 7
Indice de fitness maxim 19.649944 selectam cromosomul 3
Dupa selectie: 
 1: 11000000010000000100101110000000 x= -3.004608 f=18.976831
 2: 11000000001111010010010001111010 x= -2.955351 f=19.211372
 3: 11000000001101011100010101101100 x= -2.840175 f=19.649944
 4: 10111111000111100101010100111000 x= -0.618488 f=10.384945
 5: 10111111000111100101010100111000 x= -0.618488 f=10.384945
 6: 00111111011011111110000111100000 x= 0.937040 f=6.708735
 7: 00111111100100111010101100101000 x= 1.153661 f=7.913602
 8: 10111111011010110011010111011000 x= -0.918790 f=12.432068
 9: 10111111011010110011010111011000 x= -0.918790 f=12.432068
10: 10111111011010110011010111011000 x= -0.918790 f=12.432068
11: 00111111010110100011100110110000 x= 0.852443 f=6.389640
12: 11000000000010110100010000010111 x= -2.176031 f=19.605709
13: 11000000001111010010010001111010 x= -2.955351 f=19.211372
14: 00111111101100000001100101100000 x= 1.375774 f=9.779172
15: 10111111000111100101010100111000 x= -0.618488 f=10.384945
16: 11000000000010110100010000010111 x= -2.176031 f=19.605709
17: 10111111111010000001100111010000 x= -1.813288 f=18.155075
18: 10111111111010000001100111010000 x= -1.813288 f=18.155075
19: 00111111100100111010101100101000 x= 1.153661 f=7.913602
20: 11000000001101011100010101101100 x= -2.840175 f=19.649944
Probabilitatea de incrucisare 0.250000
 1: 11000000010000000100101110000000 u= 0.875973
 2: 11000000001111010010010001111010 u= 0.726676
 3: 11000000001101011100010101101100 u= 0.955901
 4: 10111111000111100101010100111000 u= 0.925718
 5: 10111111000111100101010100111000 u= 0.539354
 6: 00111111011011111110000111100000 u= 0.142338<0.250000 participa
 7: 00111111100100111010101100101000 u= 0.462081
 8: 10111111011010110011010111011000 u= 0.235328<0.250000 participa
 9: 10111111011010110011010111011000 u= 0.862239
10: 10111111011010110011010111011000 u= 0.209601<0.250000 participa
11: 00111111010110100011100110110000 u= 0.779656
12: 11000000000010110100010000010111 u= 0.843654
13: 11000000001111010010010001111010 u= 0.996796
14: 00111111101100000001100101100000 u= 0.999695
15: 10111111000111100101010100111000 u= 0.611499
16: 11000000000010110100010000010111 u= 0.392438
17: 10111111111010000001100111010000 u= 0.266213
18: 10111111111010000001100111010000 u= 0.297281
19: 00111111100100111010101100101000 u= 0.840144
20: 11000000001101011100010101101100 u= 0.023743<0.250000 participa
Recombinare dintre cromzomul 6 cu cromozomul 8:
00111111011011111110000111100000 / 10111111011010110011010111011000 punct 12
Rezultat  00111111011010110011010111011000 / 10111111011011111110000111100000
Recombinare dintre cromzomul 10 cu cromozomul 20:
10111111011011111110000111100000 / 11000000001101011100010101101100 punct 2
Rezultat  11000000001101011100010101101100 / 10111111011011111110000111100000
Dupa recombinare:
 1: 11000000010000000100101110000000 x= -3.004608 f=18.976831
 2: 11000000001111010010010001111010 x= -2.955351 f=19.211372
 3: 10111111011011111110000111100000 x= -0.937040 f=12.559532
 4: 10111111000111100101010100111000 x= -0.618488 f=10.384945
 5: 10111111000111100101010100111000 x= -0.618488 f=10.384945
 6: 00111111100100111010101100101000 x= 1.153661 f=7.913602
 7: 11000000001101011100010101101100 x= -2.840175 f=19.649944
 8: 00111111010110100011100110110000 x= 0.852443 f=6.389640
 9: 11000000000010110100010000010111 x= -2.176031 f=19.605709
10: 11000000001111010010010001111010 x= -2.955351 f=19.211372
11: 00111111101100000001100101100000 x= 1.375774 f=9.779172
12: 10111111000111100101010100111000 x= -0.618488 f=10.384945
13: 11000000000010110100010000010111 x= -2.176031 f=19.605709
14: 10111111111010000001100111010000 x= -1.813288 f=18.155075
15: 10111111111010000001100111010000 x= -1.813288 f=18.155075
16: 00111111100100111010101100101000 x= 1.153661 f=7.913602
17: 00111111011010110011010111011000 x= 0.918790 f=6.632986
18: 11000000001101011100010101101100 x= -2.840175 f=19.649944
19: 11000000001101011100010101101100 x= -2.840175 f=19.649944
20: 10111111011011111110000111100000 x= -0.937040 f=12.559532
Probabilitate de mutatie pentru fiecare gena 0.010000
Au fost modificati cromozomii:
3
Dupa mutatie:
 1: 11000000010000000100101110000000 x= -3.004608 f=18.976831
 2: 11000000001111010010010001111010 x= -2.955351 f=19.211372
 3: 10111111011011111110000111101000 x= -0.937041 f=12.559535
 4: 10111111000111100101010100111000 x= -0.618488 f=10.384945
 5: 10111111000111100101010100111000 x= -0.618488 f=10.384945
 6: 00111111100100111010101100101000 x= 1.153661 f=7.913602
 7: 11000000001101011100010101101100 x= -2.840175 f=19.649944
 8: 00111111010110100011100110110000 x= 0.852443 f=6.389640
 9: 11000000000010110100010000010111 x= -2.176031 f=19.605709
10: 11000000001111010010010001111010 x= -2.955351 f=19.211372
11: 00111111101100000001100101100000 x= 1.375774 f=9.779172
12: 10111111000111100101010100111000 x= -0.618488 f=10.384945
13: 11000000000010110100010000010111 x= -2.176031 f=19.605709
14: 10111111111010000001100111010000 x= -1.813288 f=18.155075
15: 10111111111010000001100111010000 x= -1.813288 f=18.155075
16: 00111111100100111010101100101000 x= 1.153661 f=7.913602
17: 00111111011010110011010111011000 x= 0.918790 f=6.632986
18: 11000000001101011100010101101100 x= -2.840175 f=19.649944
19: 11000000001101011100010101101100 x= -2.840175 f=19.649944
20: 10111111011011111110000111100000 x= -0.937040 f=12.559532

Evolutia maximului       Valoara medie a performantei
19.649944                 14.338695
19.650200                 15.633879
19.650200                 nan
19.650200                 nan
18.155687                 18.155109
18.155687                 18.155109
18.155687                 18.138971
18.155687                 18.155109
18.155687                 18.155689
18.309996                 18.163404
18.309996                 18.163404
18.309996                 18.163406
18.309996                 18.163404
18.309996                 18.093872
18.309996                 18.163406
18.309996                 18.163406
18.309996                 18.302280
18.309996                 18.309996
18.309996                 18.309996
18.309996                 18.309996
18.309996                 18.309996
18.309996                 18.309996
18.309996                 18.309996
18.319479                 18.310471
18.319479                 18.017809
18.319479                 18.310471
18.319479                 18.310471
18.319479                 18.310471
18.319479                 18.310471
18.319479                 18.319006
18.319479                 18.319481
18.319479                 18.319481
18.319479                 18.319481
18.319479                 18.319481
18.319479                 18.319481
18.319479                 18.319481
18.319479                 18.319481
18.319479                 17.872885
18.319479                 9.834188
18.319479                 9.834188
18.319479                 9.834188
18.319479                 9.834188
18.319479                 9.834188
9.387594                 9.387593
9.387601                 9.387593
9.387601                 9.387594
9.387601                 9.274108
9.387601                 9.387594
9.387594                 9.387593
9.387596                 9.387594
